2022-04-29 16:38:31.088  INFO 11900 --- [restartedMain] com.ruby.admin.RubyBackEndApplication    : Starting RubyBackEndApplication using Java 17.0.2 on DESKTOP-UEG0O0S with PID 11900 (C:\Users\Thong Truong\git\springruby.com\RubyProject\RubyWebParent\RubyBackEnd\target\classes started by Thong Truong in C:\Users\Thong Truong\git\springruby.com\RubyProject\RubyWebParent\RubyBackEnd)
2022-04-29 16:38:31.089  INFO 11900 --- [restartedMain] com.ruby.admin.RubyBackEndApplication    : No active profile set, falling back to 1 default profile: "default"
2022-04-29 16:38:31.303  INFO 11900 --- [restartedMain] .s.d.r.c.RepositoryConfigurationDelegate : Bootstrapping Spring Data JPA repositories in DEFAULT mode.
2022-04-29 16:38:31.326  INFO 11900 --- [restartedMain] .s.d.r.c.RepositoryConfigurationDelegate : Finished Spring Data repository scanning in 12 ms. Found 2 JPA repository interfaces.
2022-04-29 16:38:31.435  INFO 11900 --- [restartedMain] o.s.b.w.embedded.tomcat.TomcatWebServer  : Tomcat initialized with port(s): 8080 (http)
2022-04-29 16:38:31.437  INFO 11900 --- [restartedMain] o.apache.catalina.core.StandardService   : Starting service [Tomcat]
2022-04-29 16:38:31.437  INFO 11900 --- [restartedMain] org.apache.catalina.core.StandardEngine  : Starting Servlet engine: [Apache Tomcat/9.0.62]
2022-04-29 16:38:31.475  INFO 11900 --- [restartedMain] o.a.c.c.C.[.[localhost].[/RubyAdmin]     : Initializing Spring embedded WebApplicationContext
2022-04-29 16:38:31.475  INFO 11900 --- [restartedMain] w.s.c.ServletWebServerApplicationContext : Root WebApplicationContext: initialization completed in 383 ms
2022-04-29 16:38:31.520  INFO 11900 --- [restartedMain] o.hibernate.jpa.internal.util.LogHelper  : HHH000204: Processing PersistenceUnitInfo [name: default]
2022-04-29 16:38:31.531  INFO 11900 --- [restartedMain] com.zaxxer.hikari.HikariDataSource       : HikariPool-3 - Starting...
2022-04-29 16:38:31.557  INFO 11900 --- [restartedMain] com.zaxxer.hikari.HikariDataSource       : HikariPool-3 - Start completed.
2022-04-29 16:38:31.557  INFO 11900 --- [restartedMain] org.hibernate.dialect.Dialect            : HHH000400: Using dialect: org.hibernate.dialect.MySQL8Dialect
2022-04-29 16:38:31.613  INFO 11900 --- [restartedMain] o.h.e.t.j.p.i.JtaPlatformInitiator       : HHH000490: Using JtaPlatform implementation: [org.hibernate.engine.transaction.jta.platform.internal.NoJtaPlatform]
2022-04-29 16:38:31.614  INFO 11900 --- [restartedMain] j.LocalContainerEntityManagerFactoryBean : Initialized JPA EntityManagerFactory for persistence unit 'default'
2022-04-29 16:38:31.636  WARN 11900 --- [restartedMain] JpaBaseConfiguration$JpaWebConfiguration : spring.jpa.open-in-view is enabled by default. Therefore, database queries may be performed during view rendering. Explicitly configure spring.jpa.open-in-view to disable this warning
2022-04-29 16:38:31.735  WARN 11900 --- [restartedMain] o.s.s.c.a.web.builders.WebSecurity       : You are asking Spring Security to ignore Ant [pattern='/images/**']. This is not recommended -- please use permitAll via HttpSecurity#authorizeHttpRequests instead.
2022-04-29 16:38:31.736  INFO 11900 --- [restartedMain] o.s.s.web.DefaultSecurityFilterChain     : Will not secure Ant [pattern='/images/**']
2022-04-29 16:38:31.736  WARN 11900 --- [restartedMain] o.s.s.c.a.web.builders.WebSecurity       : You are asking Spring Security to ignore Ant [pattern='/js/**']. This is not recommended -- please use permitAll via HttpSecurity#authorizeHttpRequests instead.
2022-04-29 16:38:31.736  INFO 11900 --- [restartedMain] o.s.s.web.DefaultSecurityFilterChain     : Will not secure Ant [pattern='/js/**']
2022-04-29 16:38:31.736  WARN 11900 --- [restartedMain] o.s.s.c.a.web.builders.WebSecurity       : You are asking Spring Security to ignore Ant [pattern='/webjars/**']. This is not recommended -- please use permitAll via HttpSecurity#authorizeHttpRequests instead.
2022-04-29 16:38:31.736  INFO 11900 --- [restartedMain] o.s.s.web.DefaultSecurityFilterChain     : Will not secure Ant [pattern='/webjars/**']
2022-04-29 16:38:31.745  INFO 11900 --- [restartedMain] o.s.s.web.DefaultSecurityFilterChain     : Will secure any request with [org.springframework.security.web.context.request.async.WebAsyncManagerIntegrationFilter@6647aef4, org.springframework.security.web.context.SecurityContextPersistenceFilter@18b58bc6, org.springframework.security.web.header.HeaderWriterFilter@1b455086, org.springframework.security.web.csrf.CsrfFilter@7a467845, org.springframework.security.web.authentication.logout.LogoutFilter@5c086619, org.springframework.security.web.authentication.UsernamePasswordAuthenticationFilter@3f939156, org.springframework.security.web.savedrequest.RequestCacheAwareFilter@1d695695, org.springframework.security.web.servletapi.SecurityContextHolderAwareRequestFilter@2c99e4de, org.springframework.security.web.authentication.rememberme.RememberMeAuthenticationFilter@4c500b75, org.springframework.security.web.authentication.AnonymousAuthenticationFilter@71336d35, org.springframework.security.web.session.SessionManagementFilter@51f845ec, org.springframework.security.web.access.ExceptionTranslationFilter@39e797c2, org.springframework.security.web.access.intercept.FilterSecurityInterceptor@3429435]
2022-04-29 16:38:31.804  INFO 11900 --- [restartedMain] o.s.b.a.w.s.WelcomePageHandlerMapping    : Adding welcome page template: index
2022-04-29 16:38:32.105  INFO 11900 --- [restartedMain] o.s.b.d.a.OptionalLiveReloadServer       : LiveReload server is running on port 35729
2022-04-29 16:38:32.118  INFO 11900 --- [restartedMain] o.s.b.w.embedded.tomcat.TomcatWebServer  : Tomcat started on port(s): 8080 (http) with context path '/RubyAdmin'
2022-04-29 16:38:32.124  INFO 11900 --- [restartedMain] com.ruby.admin.RubyBackEndApplication    : Started RubyBackEndApplication in 1.081 seconds (JVM running for 138.346)
2022-04-29 16:38:32.125  INFO 11900 --- [restartedMain] .ConditionEvaluationDeltaLoggingListener : Condition evaluation unchanged
2022-04-29 16:42:07.787  INFO 11900 --- [Thread-11] j.LocalContainerEntityManagerFactoryBean : Closing JPA EntityManagerFactory for persistence unit 'default'
2022-04-29 16:42:07.788  INFO 11900 --- [Thread-11] com.zaxxer.hikari.HikariDataSource       : HikariPool-3 - Shutdown initiated...
2022-04-29 16:42:07.797  INFO 11900 --- [Thread-11] com.zaxxer.hikari.HikariDataSource       : HikariPool-3 - Shutdown completed.
2022-04-29 16:42:07.889  INFO 11900 --- [restartedMain] com.ruby.admin.RubyBackEndApplication    : Starting RubyBackEndApplication using Java 17.0.2 on DESKTOP-UEG0O0S with PID 11900 (C:\Users\Thong Truong\git\springruby.com\RubyProject\RubyWebParent\RubyBackEnd\target\classes started by Thong Truong in C:\Users\Thong Truong\git\springruby.com\RubyProject\RubyWebParent\RubyBackEnd)
2022-04-29 16:42:07.889  INFO 11900 --- [restartedMain] com.ruby.admin.RubyBackEndApplication    : No active profile set, falling back to 1 default profile: "default"
2022-04-29 16:42:08.123  INFO 11900 --- [restartedMain] .s.d.r.c.RepositoryConfigurationDelegate : Bootstrapping Spring Data JPA repositories in DEFAULT mode.
2022-04-29 16:42:08.140  INFO 11900 --- [restartedMain] .s.d.r.c.RepositoryConfigurationDelegate : Finished Spring Data repository scanning in 16 ms. Found 2 JPA repository interfaces.
2022-04-29 16:42:08.227  INFO 11900 --- [restartedMain] o.s.b.w.embedded.tomcat.TomcatWebServer  : Tomcat initialized with port(s): 8080 (http)
2022-04-29 16:42:08.228  INFO 11900 --- [restartedMain] o.apache.catalina.core.StandardService   : Starting service [Tomcat]
2022-04-29 16:42:08.229  INFO 11900 --- [restartedMain] org.apache.catalina.core.StandardEngine  : Starting Servlet engine: [Apache Tomcat/9.0.62]
2022-04-29 16:42:08.259  INFO 11900 --- [restartedMain] o.a.c.c.C.[.[localhost].[/RubyAdmin]     : Initializing Spring embedded WebApplicationContext
2022-04-29 16:42:08.259  INFO 11900 --- [restartedMain] w.s.c.ServletWebServerApplicationContext : Root WebApplicationContext: initialization completed in 367 ms
2022-04-29 16:42:08.319  INFO 11900 --- [restartedMain] o.hibernate.jpa.internal.util.LogHelper  : HHH000204: Processing PersistenceUnitInfo [name: default]
2022-04-29 16:42:08.326  INFO 11900 --- [restartedMain] com.zaxxer.hikari.HikariDataSource       : HikariPool-4 - Starting...
2022-04-29 16:42:08.346  INFO 11900 --- [restartedMain] com.zaxxer.hikari.HikariDataSource       : HikariPool-4 - Start completed.
2022-04-29 16:42:08.346  INFO 11900 --- [restartedMain] org.hibernate.dialect.Dialect            : HHH000400: Using dialect: org.hibernate.dialect.MySQL8Dialect
2022-04-29 16:42:08.394  INFO 11900 --- [restartedMain] o.h.e.t.j.p.i.JtaPlatformInitiator       : HHH000490: Using JtaPlatform implementation: [org.hibernate.engine.transaction.jta.platform.internal.NoJtaPlatform]
2022-04-29 16:42:08.395  INFO 11900 --- [restartedMain] j.LocalContainerEntityManagerFactoryBean : Initialized JPA EntityManagerFactory for persistence unit 'default'
2022-04-29 16:42:08.415  WARN 11900 --- [restartedMain] JpaBaseConfiguration$JpaWebConfiguration : spring.jpa.open-in-view is enabled by default. Therefore, database queries may be performed during view rendering. Explicitly configure spring.jpa.open-in-view to disable this warning
2022-04-29 16:42:08.509  WARN 11900 --- [restartedMain] o.s.s.c.a.web.builders.WebSecurity       : You are asking Spring Security to ignore Ant [pattern='/images/**']. This is not recommended -- please use permitAll via HttpSecurity#authorizeHttpRequests instead.
2022-04-29 16:42:08.509  INFO 11900 --- [restartedMain] o.s.s.web.DefaultSecurityFilterChain     : Will not secure Ant [pattern='/images/**']
2022-04-29 16:42:08.509  WARN 11900 --- [restartedMain] o.s.s.c.a.web.builders.WebSecurity       : You are asking Spring Security to ignore Ant [pattern='/js/**']. This is not recommended -- please use permitAll via HttpSecurity#authorizeHttpRequests instead.
2022-04-29 16:42:08.509  INFO 11900 --- [restartedMain] o.s.s.web.DefaultSecurityFilterChain     : Will not secure Ant [pattern='/js/**']
2022-04-29 16:42:08.509  WARN 11900 --- [restartedMain] o.s.s.c.a.web.builders.WebSecurity       : You are asking Spring Security to ignore Ant [pattern='/webjars/**']. This is not recommended -- please use permitAll via HttpSecurity#authorizeHttpRequests instead.
2022-04-29 16:42:08.509  INFO 11900 --- [restartedMain] o.s.s.web.DefaultSecurityFilterChain     : Will not secure Ant [pattern='/webjars/**']
2022-04-29 16:42:08.521  INFO 11900 --- [restartedMain] o.s.s.web.DefaultSecurityFilterChain     : Will secure any request with [org.springframework.security.web.context.request.async.WebAsyncManagerIntegrationFilter@6bd57cc6, org.springframework.security.web.context.SecurityContextPersistenceFilter@1be0c5b6, org.springframework.security.web.header.HeaderWriterFilter@28cb3213, org.springframework.security.web.csrf.CsrfFilter@55d878ae, org.springframework.security.web.authentication.logout.LogoutFilter@9f56a1c, org.springframework.security.web.authentication.UsernamePasswordAuthenticationFilter@611b5c0c, org.springframework.security.web.savedrequest.RequestCacheAwareFilter@2376c5e7, org.springframework.security.web.servletapi.SecurityContextHolderAwareRequestFilter@52dc2030, org.springframework.security.web.authentication.rememberme.RememberMeAuthenticationFilter@30d964f8, org.springframework.security.web.authentication.AnonymousAuthenticationFilter@74fd10bf, org.springframework.security.web.session.SessionManagementFilter@debc1ad, org.springframework.security.web.access.ExceptionTranslationFilter@29423d90, org.springframework.security.web.access.intercept.FilterSecurityInterceptor@14417ed5]
2022-04-29 16:42:08.574  INFO 11900 --- [restartedMain] o.s.b.a.w.s.WelcomePageHandlerMapping    : Adding welcome page template: index
2022-04-29 16:42:08.848  INFO 11900 --- [restartedMain] o.s.b.d.a.OptionalLiveReloadServer       : LiveReload server is running on port 35729
2022-04-29 16:42:08.859  INFO 11900 --- [restartedMain] o.s.b.w.embedded.tomcat.TomcatWebServer  : Tomcat started on port(s): 8080 (http) with context path '/RubyAdmin'
2022-04-29 16:42:08.865  INFO 11900 --- [restartedMain] com.ruby.admin.RubyBackEndApplication    : Started RubyBackEndApplication in 1.015 seconds (JVM running for 355.086)
2022-04-29 16:42:08.866  INFO 11900 --- [restartedMain] .ConditionEvaluationDeltaLoggingListener : Condition evaluation unchanged
2022-04-29 16:44:32.075  INFO 11900 --- [RMI TCP Connection(25)-127.0.0.1] inMXBeanRegistrar$SpringApplicationAdmin : Application shutdown requested.
2022-04-29 16:44:32.095  INFO 11900 --- [RMI TCP Connection(25)-127.0.0.1] j.LocalContainerEntityManagerFactoryBean : Closing JPA EntityManagerFactory for persistence unit 'default'
2022-04-29 16:44:32.096  INFO 11900 --- [RMI TCP Connection(25)-127.0.0.1] com.zaxxer.hikari.HikariDataSource       : HikariPool-4 - Shutdown initiated...
2022-04-29 16:44:32.100  INFO 11900 --- [RMI TCP Connection(25)-127.0.0.1] com.zaxxer.hikari.HikariDataSource       : HikariPool-4 - Shutdown completed.
2022-04-29 16:47:58.341  INFO 6968 --- [restartedMain] com.ruby.admin.RubyBackEndApplication    : Starting RubyBackEndApplication using Java 17.0.2 on DESKTOP-UEG0O0S with PID 6968 (C:\Users\Thong Truong\git\springruby.com\RubyProject\RubyWebParent\RubyBackEnd\target\classes started by Thong Truong in C:\Users\Thong Truong\git\springruby.com\RubyProject\RubyWebParent\RubyBackEnd)
2022-04-29 16:47:58.343  INFO 6968 --- [restartedMain] com.ruby.admin.RubyBackEndApplication    : No active profile set, falling back to 1 default profile: "default"
2022-04-29 16:47:58.404  INFO 6968 --- [restartedMain] .e.DevToolsPropertyDefaultsPostProcessor : Devtools property defaults active! Set 'spring.devtools.add-properties' to 'false' to disable
2022-04-29 16:47:58.404  INFO 6968 --- [restartedMain] .e.DevToolsPropertyDefaultsPostProcessor : For additional web related logging consider setting the 'logging.level.web' property to 'DEBUG'
2022-04-29 16:47:59.229  INFO 6968 --- [restartedMain] .s.d.r.c.RepositoryConfigurationDelegate : Bootstrapping Spring Data JPA repositories in DEFAULT mode.
2022-04-29 16:47:59.304  INFO 6968 --- [restartedMain] .s.d.r.c.RepositoryConfigurationDelegate : Finished Spring Data repository scanning in 60 ms. Found 2 JPA repository interfaces.
2022-04-29 16:48:00.040  INFO 6968 --- [restartedMain] o.s.b.w.embedded.tomcat.TomcatWebServer  : Tomcat initialized with port(s): 8080 (http)
2022-04-29 16:48:00.051  INFO 6968 --- [restartedMain] o.apache.catalina.core.StandardService   : Starting service [Tomcat]
2022-04-29 16:48:00.051  INFO 6968 --- [restartedMain] org.apache.catalina.core.StandardEngine  : Starting Servlet engine: [Apache Tomcat/9.0.62]
2022-04-29 16:48:00.167  INFO 6968 --- [restartedMain] o.a.c.c.C.[.[localhost].[/RubyAdmin]     : Initializing Spring embedded WebApplicationContext
2022-04-29 16:48:00.167  INFO 6968 --- [restartedMain] w.s.c.ServletWebServerApplicationContext : Root WebApplicationContext: initialization completed in 1763 ms
2022-04-29 16:48:00.469  INFO 6968 --- [restartedMain] o.hibernate.jpa.internal.util.LogHelper  : HHH000204: Processing PersistenceUnitInfo [name: default]
2022-04-29 16:48:00.548  INFO 6968 --- [restartedMain] org.hibernate.Version                    : HHH000412: Hibernate ORM core version 5.6.8.Final
2022-04-29 16:48:00.815  INFO 6968 --- [restartedMain] o.hibernate.annotations.common.Version   : HCANN000001: Hibernate Commons Annotations {5.1.2.Final}
2022-04-29 16:48:00.949  INFO 6968 --- [restartedMain] com.zaxxer.hikari.HikariDataSource       : HikariPool-1 - Starting...
2022-04-29 16:48:01.374  INFO 6968 --- [restartedMain] com.zaxxer.hikari.HikariDataSource       : HikariPool-1 - Start completed.
2022-04-29 16:48:01.413  INFO 6968 --- [restartedMain] org.hibernate.dialect.Dialect            : HHH000400: Using dialect: org.hibernate.dialect.MySQL8Dialect
2022-04-29 16:48:02.324  INFO 6968 --- [restartedMain] o.h.e.t.j.p.i.JtaPlatformInitiator       : HHH000490: Using JtaPlatform implementation: [org.hibernate.engine.transaction.jta.platform.internal.NoJtaPlatform]
2022-04-29 16:48:02.343  INFO 6968 --- [restartedMain] j.LocalContainerEntityManagerFactoryBean : Initialized JPA EntityManagerFactory for persistence unit 'default'
2022-04-29 16:48:02.428  WARN 6968 --- [restartedMain] JpaBaseConfiguration$JpaWebConfiguration : spring.jpa.open-in-view is enabled by default. Therefore, database queries may be performed during view rendering. Explicitly configure spring.jpa.open-in-view to disable this warning
2022-04-29 16:48:03.150  WARN 6968 --- [restartedMain] o.s.s.c.a.web.builders.WebSecurity       : You are asking Spring Security to ignore Ant [pattern='/images/**']. This is not recommended -- please use permitAll via HttpSecurity#authorizeHttpRequests instead.
2022-04-29 16:48:03.151  INFO 6968 --- [restartedMain] o.s.s.web.DefaultSecurityFilterChain     : Will not secure Ant [pattern='/images/**']
2022-04-29 16:48:03.151  WARN 6968 --- [restartedMain] o.s.s.c.a.web.builders.WebSecurity       : You are asking Spring Security to ignore Ant [pattern='/js/**']. This is not recommended -- please use permitAll via HttpSecurity#authorizeHttpRequests instead.
2022-04-29 16:48:03.151  INFO 6968 --- [restartedMain] o.s.s.web.DefaultSecurityFilterChain     : Will not secure Ant [pattern='/js/**']
2022-04-29 16:48:03.152  WARN 6968 --- [restartedMain] o.s.s.c.a.web.builders.WebSecurity       : You are asking Spring Security to ignore Ant [pattern='/webjars/**']. This is not recommended -- please use permitAll via HttpSecurity#authorizeHttpRequests instead.
2022-04-29 16:48:03.152  INFO 6968 --- [restartedMain] o.s.s.web.DefaultSecurityFilterChain     : Will not secure Ant [pattern='/webjars/**']
2022-04-29 16:48:03.188  INFO 6968 --- [restartedMain] o.s.s.web.DefaultSecurityFilterChain     : Will secure any request with [org.springframework.security.web.context.request.async.WebAsyncManagerIntegrationFilter@2b1edbb4, org.springframework.security.web.context.SecurityContextPersistenceFilter@d9947c0, org.springframework.security.web.header.HeaderWriterFilter@1efdd70d, org.springframework.security.web.csrf.CsrfFilter@3d65cb00, org.springframework.security.web.authentication.logout.LogoutFilter@273e0059, org.springframework.security.web.authentication.UsernamePasswordAuthenticationFilter@636c0179, org.springframework.security.web.savedrequest.RequestCacheAwareFilter@6ec81697, org.springframework.security.web.servletapi.SecurityContextHolderAwareRequestFilter@1602404b, org.springframework.security.web.authentication.rememberme.RememberMeAuthenticationFilter@4bb3d17f, org.springframework.security.web.authentication.AnonymousAuthenticationFilter@1110284, org.springframework.security.web.session.SessionManagementFilter@1dec33f8, org.springframework.security.web.access.ExceptionTranslationFilter@677410ef, org.springframework.security.web.access.intercept.FilterSecurityInterceptor@6df27380]
2022-04-29 16:48:03.417  INFO 6968 --- [restartedMain] o.s.b.a.w.s.WelcomePageHandlerMapping    : Adding welcome page template: index
2022-04-29 16:48:03.975  INFO 6968 --- [restartedMain] o.s.b.d.a.OptionalLiveReloadServer       : LiveReload server is running on port 35729
2022-04-29 16:48:04.021  INFO 6968 --- [restartedMain] o.s.b.w.embedded.tomcat.TomcatWebServer  : Tomcat started on port(s): 8080 (http) with context path '/RubyAdmin'
2022-04-29 16:48:04.032  INFO 6968 --- [restartedMain] com.ruby.admin.RubyBackEndApplication    : Started RubyBackEndApplication in 6.173 seconds (JVM running for 7.107)
2022-04-29 16:48:20.069  INFO 6968 --- [http-nio-8080-exec-1] o.a.c.c.C.[.[localhost].[/RubyAdmin]     : Initializing Spring DispatcherServlet 'dispatcherServlet'
2022-04-29 16:48:20.069  INFO 6968 --- [http-nio-8080-exec-1] o.s.web.servlet.DispatcherServlet        : Initializing Servlet 'dispatcherServlet'
2022-04-29 16:48:20.070  INFO 6968 --- [http-nio-8080-exec-1] o.s.web.servlet.DispatcherServlet        : Completed initialization in 1 ms
2022-04-29 16:48:55.203 ERROR 6968 --- [http-nio-8080-exec-6] com.ruby.admin.FileUploadUtil            : Couldn't list directory: user-photos\24
2022-04-29 16:52:08.331  INFO 6968 --- [Thread-5] j.LocalContainerEntityManagerFactoryBean : Closing JPA EntityManagerFactory for persistence unit 'default'
2022-04-29 16:52:08.334  INFO 6968 --- [Thread-5] com.zaxxer.hikari.HikariDataSource       : HikariPool-1 - Shutdown initiated...
2022-04-29 16:52:08.340  INFO 6968 --- [Thread-5] com.zaxxer.hikari.HikariDataSource       : HikariPool-1 - Shutdown completed.
